<?xml version="1.0" encoding="UTF-8"?>
<!-- Generated by org.testng.reporters.JUnitReportReporter -->
<testsuite hostname="DESKTOP-75SF3QH" failures="0" tests="1" name="test.LongtermOrders" time="20.863" errors="0" timestamp="2022-04-29T21:37:17 IST" skipped="0">
  <testcase classname="test.LongtermOrders" name="limitOrder" time="20.863"/>
  <system-out/>
</testsuite> <!-- test.LongtermOrders -->
