<?xml version="1.0" encoding="UTF-8"?>
<!-- Generated by org.testng.reporters.JUnitReportReporter -->
<testsuite hostname="DESKTOP-75SF3QH" failures="0" tests="2" name="test.IntradayOrders" time="133.964" errors="0" timestamp="2022-05-07T18:36:58 IST" skipped="0">
  <testcase classname="test.IntradayOrders" name="marketOrder" time="64.513"/>
  <system-out/>
  <testcase classname="test.IntradayOrders" name="marketOrder" time="69.451"/>
  <system-out/>
</testsuite> <!-- test.IntradayOrders -->
