<?xml version="1.0" encoding="UTF-8"?>
<!-- Generated by org.testng.reporters.JUnitReportReporter -->
<testsuite hostname="DESKTOP-75SF3QH" failures="0" tests="1" name="test.loginTest" time="34.078" errors="0" timestamp="2022-05-01T18:47:04 IST" skipped="0">
  <testcase classname="test.loginTest" name="loginWithValidInput" time="34.078"/>
  <system-out/>
</testsuite> <!-- test.loginTest -->
